INFO:     Started server process [4524]
INFO:     Waiting for application startup.
2026-04-15 14:52:40,588 - apscheduler.scheduler - INFO - Adding job tentatively -- it will be properly scheduled when the scheduler starts
2026-04-15 14:52:40,590 - apscheduler.scheduler - INFO - Added job "_job_scrape_mensual" to job store "default"
2026-04-15 14:52:40,590 - apscheduler.scheduler - INFO - Scheduler started
2026-04-15 14:52:40,590 - root - INFO - [scheduler] APScheduler iniciado — scrape mensual el día 2 de cada mes a las 3am UTC
INFO:     Application startup complete.
INFO:     Uvicorn running on http://127.0.0.1:8000 (Press CTRL+C to quit)
INFO:     127.0.0.1:54404 - "GET /api/mercado/acceso?plan_id=inmobiliaria_premier HTTP/1.1" 200 OK
INFO:     127.0.0.1:52614 - "GET /api/mercado/acceso?plan_id=valuador_independiente HTTP/1.1" 200 OK
INFO:     127.0.0.1:52616 - "GET /api/mercado/snapshots HTTP/1.1" 200 OK
INFO:     127.0.0.1:56163 - "GET /api/directorio/inmobiliarias/user_d80ff640e41b/resenas HTTP/1.1" 200 OK
2026-04-15 15:45:24,624 - root - ERROR - Unhandled exception on GET http://localhost:8000/api/advertisers/mis-anuncios: 'User' object is not subscriptable
Traceback (most recent call last):
  File "C:\Users\pedru\AppData\Local\Python\pythoncore-3.14-64\Lib\site-packages\starlette\middleware\errors.py", line 164, in __call__
    await self.app(scope, receive, _send)
  File "C:\Users\pedru\AppData\Local\Python\pythoncore-3.14-64\Lib\site-packages\starlette\middleware\cors.py", line 93, in __call__
    await self.simple_response(scope, receive, send, request_headers=headers)
  File "C:\Users\pedru\AppData\Local\Python\pythoncore-3.14-64\Lib\site-packages\starlette\middleware\cors.py", line 148, in simple_response
    await self.app(scope, receive, send)
  File "C:\Users\pedru\AppData\Local\Python\pythoncore-3.14-64\Lib\site-packages\starlette\middleware\exceptions.py", line 65, in __call__
    await wrap_app_handling_exceptions(self.app, conn)(scope, receive, send)
  File "C:\Users\pedru\AppData\Local\Python\pythoncore-3.14-64\Lib\site-packages\starlette\_exception_handler.py", line 64, in wrapped_app
    raise exc
  File "C:\Users\pedru\AppData\Local\Python\pythoncore-3.14-64\Lib\site-packages\starlette\_exception_handler.py", line 53, in wrapped_app
    await app(scope, receive, sender)
  File "C:\Users\pedru\AppData\Local\Python\pythoncore-3.14-64\Lib\site-packages\starlette\routing.py", line 756, in __call__
    await self.middleware_stack(scope, receive, send)
  File "C:\Users\pedru\AppData\Local\Python\pythoncore-3.14-64\Lib\site-packages\starlette\routing.py", line 776, in app
    await route.handle(scope, receive, send)
  File "C:\Users\pedru\AppData\Local\Python\pythoncore-3.14-64\Lib\site-packages\starlette\routing.py", line 297, in handle
    await self.app(scope, receive, send)
  File "C:\Users\pedru\AppData\Local\Python\pythoncore-3.14-64\Lib\site-packages\starlette\routing.py", line 77, in app
    await wrap_app_handling_exceptions(app, request)(scope, receive, send)
  File "C:\Users\pedru\AppData\Local\Python\pythoncore-3.14-64\Lib\site-packages\starlette\_exception_handler.py", line 64, in wrapped_app
    raise exc
  File "C:\Users\pedru\AppData\Local\Python\pythoncore-3.14-64\Lib\site-packages\starlette\_exception_handler.py", line 53, in wrapped_app
    await app(scope, receive, sender)
  File "C:\Users\pedru\AppData\Local\Python\pythoncore-3.14-64\Lib\site-packages\starlette\routing.py", line 72, in app
    response = await func(request)
               ^^^^^^^^^^^^^^^^^^^
  File "C:\Users\pedru\AppData\Local\Python\pythoncore-3.14-64\Lib\site-packages\fastapi\routing.py", line 278, in app
    raw_response = await run_endpoint_function(
                   ^^^^^^^^^^^^^^^^^^^^^^^^^^^^
        dependant=dependant, values=values, is_coroutine=is_coroutine
        ^^^^^^^^^^^^^^^^^^^^^^^^^^^^^^^^^^^^^^^^^^^^^^^^^^^^^^^^^^^^^
    )
    ^
  File "C:\Users\pedru\AppData\Local\Python\pythoncore-3.14-64\Lib\site-packages\fastapi\routing.py", line 191, in run_endpoint_function
    return await dependant.call(**values)
           ^^^^^^^^^^^^^^^^^^^^^^^^^^^^^^
  File "C:\Users\pedru\valuation-ai\Pagina-Valuacion-con-Ai--main\backend\server.py", line 2412, in mis_anuncios
    {"user_id": user["user_id"]}, {"_id": 0}
                ~~~~^^^^^^^^^^^
TypeError: 'User' object is not subscriptable
INFO:     127.0.0.1:64233 - "GET /api/advertisers/mis-anuncios HTTP/1.1" 500 Internal Server Error
ERROR:    Exception in ASGI application
Traceback (most recent call last):
  File "C:\Users\pedru\AppData\Local\Python\pythoncore-3.14-64\Lib\site-packages\uvicorn\protocols\http\h11_impl.py", line 408, in run_asgi
    result = await app(  # type: ignore[func-returns-value]
             ^^^^^^^^^^^^^^^^^^^^^^^^^^^^^^^^^^^^^^^^^^^^^^
        self.scope, self.receive, self.send
        ^^^^^^^^^^^^^^^^^^^^^^^^^^^^^^^^^^^
    )
    ^
  File "C:\Users\pedru\AppData\Local\Python\pythoncore-3.14-64\Lib\site-packages\uvicorn\middleware\proxy_headers.py", line 84, in __call__
    return await self.app(scope, receive, send)
           ^^^^^^^^^^^^^^^^^^^^^^^^^^^^^^^^^^^^
  File "C:\Users\pedru\AppData\Local\Python\pythoncore-3.14-64\Lib\site-packages\fastapi\applications.py", line 1054, in __call__
    await super().__call__(scope, receive, send)
  File "C:\Users\pedru\AppData\Local\Python\pythoncore-3.14-64\Lib\site-packages\starlette\applications.py", line 123, in __call__
    await self.middleware_stack(scope, receive, send)
  File "C:\Users\pedru\AppData\Local\Python\pythoncore-3.14-64\Lib\site-packages\starlette\middleware\errors.py", line 186, in __call__
    raise exc
  File "C:\Users\pedru\AppData\Local\Python\pythoncore-3.14-64\Lib\site-packages\starlette\middleware\errors.py", line 164, in __call__
    await self.app(scope, receive, _send)
  File "C:\Users\pedru\AppData\Local\Python\pythoncore-3.14-64\Lib\site-packages\starlette\middleware\cors.py", line 93, in __call__
    await self.simple_response(scope, receive, send, request_headers=headers)
  File "C:\Users\pedru\AppData\Local\Python\pythoncore-3.14-64\Lib\site-packages\starlette\middleware\cors.py", line 148, in simple_response
    await self.app(scope, receive, send)
  File "C:\Users\pedru\AppData\Local\Python\pythoncore-3.14-64\Lib\site-packages\starlette\middleware\exceptions.py", line 65, in __call__
    await wrap_app_handling_exceptions(self.app, conn)(scope, receive, send)
  File "C:\Users\pedru\AppData\Local\Python\pythoncore-3.14-64\Lib\site-packages\starlette\_exception_handler.py", line 64, in wrapped_app
    raise exc
  File "C:\Users\pedru\AppData\Local\Python\pythoncore-3.14-64\Lib\site-packages\starlette\_exception_handler.py", line 53, in wrapped_app
    await app(scope, receive, sender)
  File "C:\Users\pedru\AppData\Local\Python\pythoncore-3.14-64\Lib\site-packages\starlette\routing.py", line 756, in __call__
    await self.middleware_stack(scope, receive, send)
  File "C:\Users\pedru\AppData\Local\Python\pythoncore-3.14-64\Lib\site-packages\starlette\routing.py", line 776, in app
    await route.handle(scope, receive, send)
  File "C:\Users\pedru\AppData\Local\Python\pythoncore-3.14-64\Lib\site-packages\starlette\routing.py", line 297, in handle
    await self.app(scope, receive, send)
  File "C:\Users\pedru\AppData\Local\Python\pythoncore-3.14-64\Lib\site-packages\starlette\routing.py", line 77, in app
    await wrap_app_handling_exceptions(app, request)(scope, receive, send)
  File "C:\Users\pedru\AppData\Local\Python\pythoncore-3.14-64\Lib\site-packages\starlette\_exception_handler.py", line 64, in wrapped_app
    raise exc
  File "C:\Users\pedru\AppData\Local\Python\pythoncore-3.14-64\Lib\site-packages\starlette\_exception_handler.py", line 53, in wrapped_app
    await app(scope, receive, sender)
  File "C:\Users\pedru\AppData\Local\Python\pythoncore-3.14-64\Lib\site-packages\starlette\routing.py", line 72, in app
    response = await func(request)
               ^^^^^^^^^^^^^^^^^^^
  File "C:\Users\pedru\AppData\Local\Python\pythoncore-3.14-64\Lib\site-packages\fastapi\routing.py", line 278, in app
    raw_response = await run_endpoint_function(
                   ^^^^^^^^^^^^^^^^^^^^^^^^^^^^
        dependant=dependant, values=values, is_coroutine=is_coroutine
        ^^^^^^^^^^^^^^^^^^^^^^^^^^^^^^^^^^^^^^^^^^^^^^^^^^^^^^^^^^^^^
    )
    ^
  File "C:\Users\pedru\AppData\Local\Python\pythoncore-3.14-64\Lib\site-packages\fastapi\routing.py", line 191, in run_endpoint_function
    return await dependant.call(**values)
           ^^^^^^^^^^^^^^^^^^^^^^^^^^^^^^
  File "C:\Users\pedru\valuation-ai\Pagina-Valuacion-con-Ai--main\backend\server.py", line 2412, in mis_anuncios
    {"user_id": user["user_id"]}, {"_id": 0}
                ~~~~^^^^^^^^^^^
TypeError: 'User' object is not subscriptable
INFO:     127.0.0.1:54562 - "GET /api/auth/billing-summary HTTP/1.1" 200 OK
INFO:     127.0.0.1:64928 - "GET /api/auth/me HTTP/1.1" 200 OK
INFO:     127.0.0.1:50464 - "GET /api/stats HTTP/1.1" 200 OK
INFO:     127.0.0.1:52388 - "GET /api/auth/me HTTP/1.1" 200 OK
INFO:     127.0.0.1:64026 - "GET /api/stats HTTP/1.1" 200 OK
